<?xml version="1.0" encoding="utf-8"?><testsuites name="pytest tests"><testsuite name="pytest" errors="0" failures="0" skipped="0" tests="25" time="7.431" timestamp="2026-05-14T17:21:35.639261+00:00" hostname="agent-env-f0b04265-39f2-41ae-b90a-136f646cd2d7"><testcase classname="backend.tests.test_api" name="test_health" time="0.312" /><testcase classname="backend.tests.test_api.TestAuth" name="test_login_admin" time="0.427" /><testcase classname="backend.tests.test_api.TestAuth" name="test_login_member" time="0.418" /><testcase classname="backend.tests.test_api.TestAuth" name="test_login_invalid" time="0.348" /><testcase classname="backend.tests.test_api.TestAuth" name="test_me_admin" time="0.611" /><testcase classname="backend.tests.test_api.TestAuth" name="test_me_no_token" time="0.140" /><testcase classname="backend.tests.test_api.TestAuth" name="test_signup_new_user" time="0.407" /><testcase classname="backend.tests.test_api.TestAuth" name="test_signup_duplicate" time="0.139" /><testcase classname="backend.tests.test_api.TestProjects" name="test_list_projects_admin" time="0.227" /><testcase classname="backend.tests.test_api.TestProjects" name="test_member_cannot_create_project" time="0.578" /><testcase classname="backend.tests.test_api.TestProjects" name="test_admin_create_update_delete_project" time="1.004" /><testcase classname="backend.tests.test_api.TestTasks" name="test_admin_create_task" time="0.420" /><testcase classname="backend.tests.test_api.TestTasks" name="test_member_cannot_create_task" time="0.156" /><testcase classname="backend.tests.test_api.TestTasks" name="test_member_can_update_status" time="0.128" /><testcase classname="backend.tests.test_api.TestTasks" name="test_member_cannot_edit_task" time="0.113" /><testcase classname="backend.tests.test_api.TestTasks" name="test_admin_update_task" time="0.129" /><testcase classname="backend.tests.test_api.TestTasks" name="test_list_tasks_by_project" time="0.121" /><testcase classname="backend.tests.test_api.TestTasks" name="test_member_cannot_delete" time="0.107" /><testcase classname="backend.tests.test_api.TestTasks" name="test_admin_delete_task" time="0.240" /><testcase classname="backend.tests.test_api.TestUsers" name="test_list_users" time="0.132" /><testcase classname="backend.tests.test_api.TestUsers" name="test_member_cannot_change_role" time="0.226" /><testcase classname="backend.tests.test_api.TestUsers" name="test_admin_can_change_role" time="0.473" /><testcase classname="backend.tests.test_api.TestDashboard" name="test_stats" time="0.124" /><testcase classname="backend.tests.test_api.TestDashboard" name="test_upcoming" time="0.136" /><testcase classname="backend.tests.test_api.TestDashboard" name="test_recent" time="0.121" /></testsuite></testsuites>