<?xml version="1.0" encoding="utf-8"?><testsuites name="pytest tests"><testsuite name="pytest" errors="0" failures="0" skipped="0" tests="36" time="10.783" timestamp="2026-05-14T17:58:08.608637+00:00" hostname="agent-env-f0b04265-39f2-41ae-b90a-136f646cd2d7"><testcase classname="backend.tests.test_api" name="test_health" time="0.337" /><testcase classname="backend.tests.test_api.TestAuth" name="test_login_admin" time="0.416" /><testcase classname="backend.tests.test_api.TestAuth" name="test_login_member" time="0.406" /><testcase classname="backend.tests.test_api.TestAuth" name="test_login_invalid" time="0.365" /><testcase classname="backend.tests.test_api.TestAuth" name="test_me_admin" time="0.526" /><testcase classname="backend.tests.test_api.TestAuth" name="test_me_no_token" time="0.201" /><testcase classname="backend.tests.test_api.TestAuth" name="test_signup_new_user" time="0.369" /><testcase classname="backend.tests.test_api.TestAuth" name="test_signup_duplicate" time="0.113" /><testcase classname="backend.tests.test_api.TestProjects" name="test_list_projects_admin" time="0.122" /><testcase classname="backend.tests.test_api.TestProjects" name="test_member_cannot_create_project" time="0.523" /><testcase classname="backend.tests.test_api.TestProjects" name="test_admin_create_update_delete_project" time="1.126" /><testcase classname="backend.tests.test_api.TestTasks" name="test_admin_create_task" time="0.355" /><testcase classname="backend.tests.test_api.TestTasks" name="test_member_cannot_create_task" time="0.109" /><testcase classname="backend.tests.test_api.TestTasks" name="test_member_can_update_status" time="0.169" /><testcase classname="backend.tests.test_api.TestTasks" name="test_member_cannot_edit_task" time="1.164" /><testcase classname="backend.tests.test_api.TestTasks" name="test_admin_update_task" time="0.137" /><testcase classname="backend.tests.test_api.TestTasks" name="test_list_tasks_by_project" time="0.129" /><testcase classname="backend.tests.test_api.TestTasks" name="test_member_cannot_delete" time="0.115" /><testcase classname="backend.tests.test_api.TestTasks" name="test_admin_delete_task" time="0.224" /><testcase classname="backend.tests.test_api.TestUsers" name="test_list_users" time="0.111" /><testcase classname="backend.tests.test_api.TestUsers" name="test_member_cannot_change_role" time="0.222" /><testcase classname="backend.tests.test_api.TestUsers" name="test_admin_can_change_role" time="0.490" /><testcase classname="backend.tests.test_api.TestDashboard" name="test_stats" time="0.138" /><testcase classname="backend.tests.test_api.TestDashboard" name="test_upcoming" time="0.120" /><testcase classname="backend.tests.test_api.TestDashboard" name="test_recent" time="0.130" /><testcase classname="backend.tests.test_api.TestComments" name="test_list_comments_requires_auth" time="0.800" /><testcase classname="backend.tests.test_api.TestComments" name="test_list_comments_invalid_task" time="0.134" /><testcase classname="backend.tests.test_api.TestComments" name="test_member_cannot_access_non_member_task_comments" time="0.141" /><testcase classname="backend.tests.test_api.TestComments" name="test_admin_create_comment" time="0.119" /><testcase classname="backend.tests.test_api.TestComments" name="test_member_create_comment" time="0.138" /><testcase classname="backend.tests.test_api.TestComments" name="test_list_comments_ordered" time="0.141" /><testcase classname="backend.tests.test_api.TestComments" name="test_member_cannot_delete_admin_comment" time="0.110" /><testcase classname="backend.tests.test_api.TestComments" name="test_member_can_delete_own_comment" time="0.119" /><testcase classname="backend.tests.test_api.TestComments" name="test_admin_can_delete_any_comment" time="0.243" /><testcase classname="backend.tests.test_api.TestComments" name="test_delete_nonexistent_comment" time="0.121" /><testcase classname="backend.tests.test_api.TestComments" name="test_empty_body_rejected" time="0.376" /></testsuite></testsuites>